<?xml version="1.0" encoding="UTF-8"?>
<coverage generated="1778137188743" clover="3.2.0">
  <project timestamp="1778137188744" name="All files">
    <metrics statements="10" coveredstatements="9" conditionals="5" coveredconditionals="3" methods="4" coveredmethods="4" elements="19" coveredelements="16" complexity="0" loc="10" ncloc="10" packages="1" files="1" classes="1"/>
    <file name="validations.ts" path="/Users/behnoodpazhang/Documents/M1/ci:cd-TP/cicd-form/src/utils/validations.ts">
      <metrics statements="10" coveredstatements="9" conditionals="5" coveredconditionals="3" methods="4" coveredmethods="4"/>
      <line num="2" count="8" type="stmt"/>
      <line num="6" count="6" type="stmt"/>
      <line num="10" count="2" type="stmt"/>
      <line num="11" count="2" type="stmt"/>
      <line num="13" count="2" type="stmt"/>
      <line num="16" count="2" type="stmt"/>
      <line num="18" count="2" type="cond" truecount="1" falsecount="1"/>
      <line num="23" count="0" type="stmt"/>
      <line num="26" count="2" type="stmt"/>
      <line num="32" count="6" type="stmt"/>
    </file>
  </project>
</coverage>
