{"/Users/behnoodpazhang/Documents/M1/ci:cd-TP/cicd-form/src/utils/validations.ts": {"path":"/Users/behnoodpazhang/Documents/M1/ci:cd-TP/cicd-form/src/utils/validations.ts","statementMap":{"0":{"start":{"line":2,"column":2},"end":{"line":2,"column":null}},"1":{"start":{"line":6,"column":2},"end":{"line":6,"column":null}},"2":{"start":{"line":10,"column":16},"end":{"line":10,"column":26}},"3":{"start":{"line":11,"column":16},"end":{"line":11,"column":35}},"4":{"start":{"line":13,"column":12},"end":{"line":13,"column":53}},"5":{"start":{"line":16,"column":4},"end":{"line":16,"column":39}},"6":{"start":{"line":18,"column":2},"end":{"line":23,"column":null}},"7":{"start":{"line":23,"column":4},"end":{"line":23,"column":null}},"8":{"start":{"line":26,"column":2},"end":{"line":26,"column":null}},"9":{"start":{"line":32,"column":2},"end":{"line":32,"column":null}}},"fnMap":{"0":{"name":"isValidName","decl":{"start":{"line":1,"column":16},"end":{"line":1,"column":28}},"loc":{"start":{"line":1,"column":52},"end":{"line":2,"column":null}},"line":1},"1":{"name":"isValidEmail","decl":{"start":{"line":5,"column":16},"end":{"line":5,"column":29}},"loc":{"start":{"line":5,"column":53},"end":{"line":6,"column":null}},"line":5},"2":{"name":"isAdult","decl":{"start":{"line":9,"column":16},"end":{"line":9,"column":24}},"loc":{"start":{"line":9,"column":52},"end":{"line":26,"column":null}},"line":9},"3":{"name":"isValidFrenchPostalCode","decl":{"start":{"line":29,"column":16},"end":{"line":29,"column":null}},"loc":{"start":{"line":31,"column":11},"end":{"line":32,"column":null}},"line":31}},"branchMap":{"0":{"loc":{"start":{"line":18,"column":2},"end":{"line":23,"column":null}},"type":"if","locations":[{"start":{"line":18,"column":2},"end":{"line":23,"column":null}},{"start":{},"end":{}}],"line":18},"1":{"loc":{"start":{"line":19,"column":4},"end":{"line":21,"column":39}},"type":"binary-expr","locations":[{"start":{"line":19,"column":4},"end":{"line":19,"column":null}},{"start":{"line":20,"column":5},"end":{"line":20,"column":null}},{"start":{"line":21,"column":6},"end":{"line":21,"column":39}}],"line":19}},"s":{"0":8,"1":6,"2":2,"3":2,"4":2,"5":2,"6":2,"7":0,"8":2,"9":6},"f":{"0":8,"1":6,"2":2,"3":6},"b":{"0":[0,2],"1":[2,2,0]},"meta":{"lastBranch":2,"lastFunction":4,"lastStatement":10,"seen":{"f:1:16:1:28":0,"s:2:2:2:Infinity":0,"f:5:16:5:29":1,"s:6:2:6:Infinity":1,"f:9:16:9:24":2,"s:10:16:10:26":2,"s:11:16:11:35":3,"s:13:12:13:53":4,"s:16:4:16:39":5,"b:18:2:23:Infinity:undefined:undefined:undefined:undefined":0,"s:18:2:23:Infinity":6,"b:19:4:19:Infinity:20:5:20:Infinity:21:6:21:39":1,"s:23:4:23:Infinity":7,"s:26:2:26:Infinity":8,"f:29:16:29:Infinity":3,"s:32:2:32:Infinity":9}}}
}
